topolbuild version 1.3
Command line:
     ./topolbuild -n ethane -dir ../dat/gromacs/ -ff oplsaa -r Eth -charge

Molecule Name *****
Model Type SMALL
Charge Method GASTEIGER
Has 8 atoms and 7 bonds

 Atom Record
     no.    name   type residue  Sym seg atno            coordinates             charge     mass  bonds
      1        C    C.3    LIG    C   1    6    -2.4784     1.9888     0.0000   -0.0681   12.0110   4    main
      2        C    C.3    LIG    C   1    6    -1.1752     2.9033     0.0000   -0.0681   12.0110   4    main
      3        H      H    LIG    H   1    1    -3.3106     2.5540    -0.3645    0.0227    1.0080   1
      4        H      H    LIG    H   1    1    -2.6815     1.6573     0.9969    0.0227    1.0080   1
      5        H      H    LIG    H   1    1    -2.3189     1.1405    -0.6324    0.0227    1.0080   1
      6        H      H    LIG    H   1    1    -1.3347     3.7515     0.6324    0.0227    1.0080   1
      7        H      H    LIG    H   1    1    -0.9720     3.2347    -0.9969    0.0227    1.0080   1
      8        H      H    LIG    H   1    1    -0.3429     2.3381     0.3645    0.0227    1.0080   1

===============================================================
---------------------ring property (III)-----------------------
atom[    1] (C   ) is not in any ring (number[1]=1)
atom[    2] (C   ) is not in any ring (number[2]=1)
atom[    3] (H   ) is not in any ring (number[3]=1)
atom[    4] (H   ) is not in any ring (number[4]=1)
atom[    5] (H   ) is not in any ring (number[5]=1)
atom[    6] (H   ) is not in any ring (number[6]=1)
atom[    7] (H   ) is not in any ring (number[7]=1)
atom[    8] (H   ) is not in any ring (number[8]=1)

===============================================================
---------------------electronic property-----------------------
atom[    1] (C   ) is not an electron withdrawing atom
atom[    2] (C   ) is not an electron withdrawing atom
atom[    3] (H   ) is not an electron withdrawing atom
atom[    4] (H   ) is not an electron withdrawing atom
atom[    5] (H   ) is not an electron withdrawing atom
atom[    6] (H   ) is not an electron withdrawing atom
atom[    7] (H   ) is not an electron withdrawing atom
atom[    8] (H   ) is not an electron withdrawing atom

===============================================================
--------------------connectivity property----------------------
atom[    1] (C   )     2     C
atom[    1] (C   )     3     H
atom[    1] (C   )     4     H
atom[    1] (C   )     5     H
atom[    2] (C   )     1     C
atom[    2] (C   )     6     H
atom[    2] (C   )     7     H
atom[    2] (C   )     8     H
atom[    3] (H   )     1     C
atom[    4] (H   )     1     C
atom[    5] (H   )     1     C
atom[    6] (H   )     2     C
atom[    7] (H   )     2     C
atom[    8] (H   )     2     C
------------------------------end------------------------------


Found 12 angles, 9 torsions

In ../dat/gromacs//ATOMTYPE_OPLSAA1.DEF there are 7 WILDATOM lines and 139 ATD lines

	File has
		681 atom records
		258 bond records
		789 angle records
		1133 torsion records
		16 impropers records
		681 van der Waals records

In ../dat/gromacs//ATOMTYPE_oplsaa.DEF there are 7 WILDATOM lines and 717 ATD lines


	Atom Force Field Results
     no.    name   type   pol.   radius     pot.
      1        C    135  -0.180   0.3500   0.2761
      2        C    135  -0.180   0.3500   0.2761
      3        H    140   0.060   0.2500   0.1255
      4        H    140   0.060   0.2500   0.1255
      5        H    140   0.060   0.2500   0.1255
      6        H    140   0.060   0.2500   0.1255
      7        H    140   0.060   0.2500   0.1255
      8        H    140   0.060   0.2500   0.1255

	Bond Force Field Results
  no.     bond    type  interp.  force  length   measured
   1     C-    C    1     1     224262.4   0.153      0.159
   2     C-    H    1     1     284512.0   0.109      0.107
   3     C-    H    1     1     284512.0   0.109      0.107
   4     C-    H    1     1     284512.0   0.109      0.107
   5     C-    H    1     1     284512.0   0.109      0.107
   6     C-    H    1     1     284512.0   0.109      0.107
   7     C-    H    1     1     284512.0   0.109      0.107

	Angles Force Field Results
Angle        Atoms        force    angle     method measured
   1     H-    C-    C    313.8   110.70        1    109.465
   2     H-    C-    C    313.8   110.70        1    109.471
   3     H-    C-    C    313.8   110.70        1    109.473
   4     C-    C-    H    313.8   110.70        1    109.471
   5     C-    C-    H    313.8   110.70        1    109.473
   6     C-    C-    H    313.8   110.70        1    109.468
   7     H-    C-    H    276.1   107.80        1    109.475
   8     H-    C-    H    276.1   107.80        1    109.474
   9     H-    C-    H    276.1   107.80        1    109.469
  10     H-    C-    H    276.1   107.80        1    109.478
  11     H-    C-    H    276.1   107.80        1    109.471
  12     H-    C-    H    276.1   107.80        1    109.466

	Torsions Force Field Results
RB Dihedrals
Tors           Atoms           c0          c1          c2          c3          c4          c5     measured   purge
   1     H-    C-    C-    H     0.62760     1.88280     0.00000    -2.51040     0.00000     0.00000    60.003    1
   2     H-    C-    C-    H     0.62760     1.88280     0.00000    -2.51040     0.00000     0.00000   299.993    X
   3     H-    C-    C-    H     0.62760     1.88280     0.00000    -2.51040     0.00000     0.00000   180.001    X
   4     H-    C-    C-    H     0.62760     1.88280     0.00000    -2.51040     0.00000     0.00000   300.002    X
   5     H-    C-    C-    H     0.62760     1.88280     0.00000    -2.51040     0.00000     0.00000   179.992    X
   6     H-    C-    C-    H     0.62760     1.88280     0.00000    -2.51040     0.00000     0.00000    60.000    X
   7     H-    C-    C-    H     0.62760     1.88280     0.00000    -2.51040     0.00000     0.00000   180.003    X
   8     H-    C-    C-    H     0.62760     1.88280     0.00000    -2.51040     0.00000     0.00000    59.993    X
   9     H-    C-    C-    H     0.62760     1.88280     0.00000    -2.51040     0.00000     0.00000   300.001    X
